<?xml version="1.0" encoding="UTF-8"?>
<testng-results skipped="0" failed="0" total="1" passed="1">
  <reporter-output>
    <line>
      <![CDATA[Rakshith Kumar]]>
    </line>
    <line>
      <![CDATA[Rajesh Mb]]>
    </line>
  </reporter-output>
  <suite name="Suite" duration-ms="72761" started-at="2018-11-20T06:54:19Z" finished-at="2018-11-20T06:55:32Z">
    <groups>
    </groups>
    <test name="Test" duration-ms="72761" started-at="2018-11-20T06:54:19Z" finished-at="2018-11-20T06:55:32Z">
      <class name="Com.FaceBook.Tests.LoginTest">
        <test-method status="PASS" signature="getTextConsole()[pri:0, instance:Com.FaceBook.Tests.LoginTest@1ffcba5]" name="getTextConsole" is-config="true" duration-ms="57941" started-at="2018-11-20T12:23:21Z" finished-at="2018-11-20T12:24:19Z">
          <reporter-output>
          </reporter-output>
        </test-method> <!-- getTextConsole -->
        <test-method status="PASS" signature="preCondition(java.lang.reflect.Method)[pri:0, instance:Com.FaceBook.Tests.LoginTest@1ffcba5]" name="preCondition" is-config="true" duration-ms="14302" started-at="2018-11-20T12:24:19Z" finished-at="2018-11-20T12:24:33Z">
          <params>
            <param index="0">
              <value>
                <![CDATA[public void Com.FaceBook.Tests.LoginTest.login() throws java.lang.Exception]]>
              </value>
            </param>
          </params>
          <reporter-output>
          </reporter-output>
        </test-method> <!-- preCondition -->
        <test-method status="PASS" signature="login()[pri:0, instance:Com.FaceBook.Tests.LoginTest@1ffcba5]" name="login" duration-ms="56263" started-at="2018-11-20T12:24:33Z" finished-at="2018-11-20T12:25:29Z">
          <reporter-output>
            <line>
              <![CDATA[Rakshith Kumar]]>
            </line>
            <line>
              <![CDATA[Rajesh Mb]]>
            </line>
          </reporter-output>
        </test-method> <!-- login -->
        <test-method status="PASS" signature="postCondition(org.testng.ITestResult)[pri:0, instance:Com.FaceBook.Tests.LoginTest@1ffcba5]" name="postCondition" is-config="true" duration-ms="2181" started-at="2018-11-20T12:25:29Z" finished-at="2018-11-20T12:25:32Z">
          <params>
            <param index="0">
              <value>
                <![CDATA[[TestResult name=login status=SUCCESS method=LoginTest.login()[pri:0, instance:Com.FaceBook.Tests.LoginTest@1ffcba5] output=Rakshith Kumar]]]>
              </value>
            </param>
          </params>
          <reporter-output>
          </reporter-output>
        </test-method> <!-- postCondition -->
      </class> <!-- Com.FaceBook.Tests.LoginTest -->
    </test> <!-- Test -->
  </suite> <!-- Suite -->
</testng-results>
